<?xml version="1.0" encoding="UTF-8"?>
<!-- Generated by org.testng.reporters.JUnitReportReporter -->
<testsuite hostname="DESKTOP-RPFT4T0" failures="0" tests="1" name="testcases.TC_02Login" time="6.284" errors="0" timestamp="2025-06-13T11:50:29 IST" skipped="0">
  <testcase classname="testcases.TC_02Login" name="verifyAccountLogin" time="6.284"/>
</testsuite> <!-- testcases.TC_02Login -->
