<?xml version="1.0" encoding="UTF-8"?>
<!-- Generated by org.testng.reporters.JUnitReportReporter -->
<testsuite hostname="DESKTOP-RPFT4T0" failures="0" tests="1" name="testcases.TC_03CompanyLogin" time="0.793" errors="0" timestamp="2025-07-03T15:37:03 IST" skipped="0">
  <testcase classname="testcases.TC_03CompanyLogin" name="verifyCompanyLogin" time="0.793"/>
</testsuite> <!-- testcases.TC_03CompanyLogin -->
